#
# There is insufficient memory for the Java Runtime Environment to continue.
# Native memory allocation (malloc) failed to allocate 1862736 bytes for Chunk::new
# Possible reasons:
#   The system is out of physical RAM or swap space
#   The process is running with CompressedOops enabled, and the Java Heap may be blocking the growth of the native heap
# Possible solutions:
#   Reduce memory load on the system
#   Increase physical memory or swap space
#   Check if swap backing store is full
#   Decrease Java heap size (-Xmx/-Xms)
#   Decrease number of Java threads
#   Decrease Java thread stack sizes (-Xss)
#   Set larger code cache with -XX:ReservedCodeCacheSize=
#   JVM is running with Unscaled Compressed Oops mode in which the Java heap is
#     placed in the first 4GB address space. The Java Heap base address is the
#     maximum limit for the native heap growth. Please use -XX:HeapBaseMinAddress
#     to set the Java Heap base and to place the Java Heap above 4GB virtual address.
# This output file may be truncated or incomplete.
#
#  Out of Memory Error (arena.cpp:189), pid=27216, tid=10092
#
# JRE version: OpenJDK Runtime Environment Temurin-17.0.4.1+1 (17.0.4.1+1) (build 17.0.4.1+1)
# Java VM: OpenJDK 64-Bit Server VM Temurin-17.0.4.1+1 (17.0.4.1+1, mixed mode, tiered, compressed oops, compressed class ptrs, g1 gc, windows-amd64)
# No core dump will be written. Minidumps are not enabled by default on client versions of Windows
#

---------------  S U M M A R Y ------------

Command Line: -Dmaven.home=EMBEDDED -Dclassworlds.conf=C:\Users\Jonathan\Documents\java\.metadata\.plugins\org.eclipse.m2e.launching\launches\m2conf11640695547187815499.tmp -Dmaven.multiModuleProjectDirectory=C:\Users\Jonathan\Documents\usuario-microservice -Dfile.encoding=UTF-8 -XX:+ShowCodeDetailsInExceptionMessages org.codehaus.plexus.classworlds.launcher.Launcher -B -Dstyle.color=always package

Host: AMD Ryzen 5 3450U with Radeon Vega Mobile Gfx  , 8 cores, 5G,  Windows 10 , 64 bit Build 19041 (10.0.19041.5915)
Time: Wed Oct 29 20:32:21 2025 Hora verano Sudamérica Pacífico elapsed time: 44.704025 seconds (0d 0h 0m 44s)

---------------  T H R E A D  ---------------

Current thread (0x00000232fd426c40):  JavaThread "C2 CompilerThread0" daemon [_thread_in_native, id=10092, stack(0x0000003db9300000,0x0000003db9400000)]


Current CompileTask:
C2:  44704 7763   !   4       java.lang.ClassLoader::loadClass (121 bytes)

Stack: [0x0000003db9300000,0x0000003db9400000]
Native frames: (J=compiled Java code, j=interpreted, Vv=VM code, C=native code)
V  [jvm.dll+0x67731a]
V  [jvm.dll+0x832284]
V  [jvm.dll+0x833a2e]
V  [jvm.dll+0x834093]
V  [jvm.dll+0x245775]
V  [jvm.dll+0xabd7b]
V  [jvm.dll+0xac30c]
V  [jvm.dll+0x363a42]
V  [jvm.dll+0x1bbbd2]
V  [jvm.dll+0x2187d9]
V  [jvm.dll+0x217aa1]
V  [jvm.dll+0x1a3f8d]
V  [jvm.dll+0x227498]
V  [jvm.dll+0x2255e5]
V  [jvm.dll+0x7e7e9b]
V  [jvm.dll+0x7e240a]
V  [jvm.dll+0x6761a5]
C  [ucrtbase.dll+0x21bb2]
C  [KERNEL32.DLL+0x17374]
C  [ntdll.dll+0x4cc91]


---------------  P R O C E S S  ---------------

Threads class SMR info:
_java_thread_list=0x00000232ff19c720, length=25, elements={
0x00000232f0a9ac20, 0x00000232fc830260, 0x00000232fc8320a0, 0x00000232fc8197d0,
0x00000232fc81a380, 0x00000232fc81cd40, 0x00000232fc81d6f0, 0x00000232fd426c40,
0x00000232fd428960, 0x00000232fd429740, 0x00000232fd4ffe60, 0x00000232fd59e310,
0x00000232fdeef140, 0x00000232fdbb7c40, 0x00000232ff1a6aa0, 0x00000232ff27b000,
0x00000232fd8df2e0, 0x000002328fd76450, 0x000002328fd772c0, 0x000002328fd77790,
0x000002328fd755e0, 0x000002328fd76920, 0x000002328fd74770, 0x000002328fd75ab0,
0x000002328fd74c40
}

Java Threads: ( => current thread )
  0x00000232f0a9ac20 JavaThread "main" [_thread_blocked, id=11332, stack(0x0000003db8600000,0x0000003db8700000)]
  0x00000232fc830260 JavaThread "Reference Handler" daemon [_thread_blocked, id=17460, stack(0x0000003db8d00000,0x0000003db8e00000)]
  0x00000232fc8320a0 JavaThread "Finalizer" daemon [_thread_blocked, id=26656, stack(0x0000003db8e00000,0x0000003db8f00000)]
  0x00000232fc8197d0 JavaThread "Signal Dispatcher" daemon [_thread_blocked, id=18108, stack(0x0000003db8f00000,0x0000003db9000000)]
  0x00000232fc81a380 JavaThread "Attach Listener" daemon [_thread_blocked, id=16112, stack(0x0000003db9000000,0x0000003db9100000)]
  0x00000232fc81cd40 JavaThread "Service Thread" daemon [_thread_blocked, id=11476, stack(0x0000003db9100000,0x0000003db9200000)]
  0x00000232fc81d6f0 JavaThread "Monitor Deflation Thread" daemon [_thread_blocked, id=21576, stack(0x0000003db9200000,0x0000003db9300000)]
=>0x00000232fd426c40 JavaThread "C2 CompilerThread0" daemon [_thread_in_native, id=10092, stack(0x0000003db9300000,0x0000003db9400000)]
  0x00000232fd428960 JavaThread "C1 CompilerThread0" daemon [_thread_blocked, id=25564, stack(0x0000003db9400000,0x0000003db9500000)]
  0x00000232fd429740 JavaThread "Sweeper thread" daemon [_thread_blocked, id=21632, stack(0x0000003db9500000,0x0000003db9600000)]
  0x00000232fd4ffe60 JavaThread "Notification Thread" daemon [_thread_blocked, id=7072, stack(0x0000003db9600000,0x0000003db9700000)]
  0x00000232fd59e310 JavaThread "Common-Cleaner" daemon [_thread_blocked, id=14688, stack(0x0000003db9800000,0x0000003db9900000)]
  0x00000232fdeef140 JavaThread "OkHttp repo.maven.apache.org" [_thread_in_native, id=2752, stack(0x0000003dba200000,0x0000003dba300000)]
  0x00000232fdbb7c40 JavaThread "OkHttp ConnectionPool" daemon [_thread_blocked, id=11804, stack(0x0000003dba300000,0x0000003dba400000)]
  0x00000232ff1a6aa0 JavaThread "OkHttp repo.maven.apache.org Writer" [_thread_blocked, id=19792, stack(0x0000003dba400000,0x0000003dba500000)]
  0x00000232ff27b000 JavaThread "OkHttp Http2Connection" daemon [_thread_blocked, id=28068, stack(0x0000003dba500000,0x0000003dba600000)]
  0x00000232fd8df2e0 JavaThread "Okio Watchdog" daemon [_thread_blocked, id=12680, stack(0x0000003dba600000,0x0000003dba700000)]
  0x000002328fd76450 JavaThread "OkHttp repo.maven.apache.org" [_thread_in_native, id=1064, stack(0x0000003dba700000,0x0000003dba800000)]
  0x000002328fd772c0 JavaThread "OkHttp ConnectionPool" daemon [_thread_blocked, id=5780, stack(0x0000003dba800000,0x0000003dba900000)]
  0x000002328fd77790 JavaThread "OkHttp repo.maven.apache.org Writer" [_thread_blocked, id=22472, stack(0x0000003dba900000,0x0000003dbaa00000)]
  0x000002328fd755e0 JavaThread "timeout-check-timer" daemon [_thread_blocked, id=19464, stack(0x0000003dbaa00000,0x0000003dbab00000)]
  0x000002328fd76920 JavaThread "ping-timer-10s" daemon [_thread_blocked, id=27416, stack(0x0000003dbab00000,0x0000003dbac00000)]
  0x000002328fd74770 JavaThread "ThreadedStreamConsumer" daemon [_thread_blocked, id=3556, stack(0x0000003dbac00000,0x0000003dbad00000)]
  0x000002328fd75ab0 JavaThread "commands-fork-1" daemon [_thread_blocked, id=15840, stack(0x0000003dbae00000,0x0000003dbaf00000)]
  0x000002328fd74c40 JavaThread "fork-1-event-thread" daemon [_thread_in_native, id=27300, stack(0x0000003dbaf00000,0x0000003dbb000000)]

Other Threads:
  0x00000232fc7f1580 VMThread "VM Thread" [stack: 0x0000003db8c00000,0x0000003db8d00000] [id=28492]
  0x00000232fd500330 WatcherThread [stack: 0x0000003db9700000,0x0000003db9800000] [id=20360]
  0x00000232f2bf28b0 GCTaskThread "GC Thread#0" [stack: 0x0000003db8700000,0x0000003db8800000] [id=18156]
  0x00000232fde923a0 GCTaskThread "GC Thread#1" [stack: 0x0000003db9a00000,0x0000003db9b00000] [id=4972]
  0x00000232fdf3bec0 GCTaskThread "GC Thread#2" [stack: 0x0000003db9b00000,0x0000003db9c00000] [id=19876]
  0x00000232fd4e0da0 GCTaskThread "GC Thread#3" [stack: 0x0000003db9c00000,0x0000003db9d00000] [id=14428]
  0x00000232fd4e1050 GCTaskThread "GC Thread#4" [stack: 0x0000003db9d00000,0x0000003db9e00000] [id=14760]
  0x00000232fe85a800 GCTaskThread "GC Thread#5" [stack: 0x0000003db9e00000,0x0000003db9f00000] [id=22712]
  0x00000232fe85aab0 GCTaskThread "GC Thread#6" [stack: 0x0000003db9f00000,0x0000003dba000000] [id=14928]
  0x00000232fee549d0 GCTaskThread "GC Thread#7" [stack: 0x0000003dba000000,0x0000003dba100000] [id=23228]
  0x00000232f2bffab0 ConcurrentGCThread "G1 Main Marker" [stack: 0x0000003db8800000,0x0000003db8900000] [id=18372]
  0x00000232f2c01370 ConcurrentGCThread "G1 Conc#0" [stack: 0x0000003db8900000,0x0000003db8a00000] [id=27152]
  0x00000232feedfe20 ConcurrentGCThread "G1 Conc#1" [stack: 0x0000003db9900000,0x0000003db9a00000] [id=992]
  0x00000232fc6600a0 ConcurrentGCThread "G1 Refine#0" [stack: 0x0000003db8a00000,0x0000003db8b00000] [id=11268]
  0x00000232fc660960 ConcurrentGCThread "G1 Service" [stack: 0x0000003db8b00000,0x0000003db8c00000] [id=18452]

Threads with active compile tasks:
C2 CompilerThread0    44743 7763   !   4       java.lang.ClassLoader::loadClass (121 bytes)
C1 CompilerThread0    44743 7851   !   3       org.apache.maven.surefire.stream.EventDecoder::decode (399 bytes)

VM state: not at safepoint (normal execution)

VM Mutex/Monitor currently owned by a thread: None

Heap address: 0x00000000a1c00000, size: 1508 MB, Compressed Oops mode: 32-bit

CDS archive(s) not mapped
Compressed class space mapped at: 0x0000000100000000-0x0000000140000000, reserved size: 1073741824
Narrow klass base: 0x0000000000000000, Narrow klass shift: 3, Narrow klass range: 0x140000000

GC Precious Log:
 CPUs: 8 total, 8 available
 Memory: 6030M
 Large Page Support: Disabled
 NUMA Support: Disabled
 Compressed Oops: Enabled (32-bit)
 Heap Region Size: 1M
 Heap Min Capacity: 8M
 Heap Initial Capacity: 96M
 Heap Max Capacity: 1508M
 Pre-touch: Disabled
 Parallel Workers: 8
 Concurrent Workers: 2
 Concurrent Refinement Workers: 8
 Periodic GC: Disabled

Heap:
 garbage-first heap   total 126976K, used 91145K [0x00000000a1c00000, 0x0000000100000000)
  region size 1024K, 38 young (38912K), 2 survivors (2048K)
 Metaspace       used 46736K, committed 47104K, reserved 1097728K
  class space    used 4988K, committed 5184K, reserved 1048576K

Heap Regions: E=young(eden), S=young(survivor), O=old, HS=humongous(starts), HC=humongous(continues), CS=collection set, F=free, OA=open archive, CA=closed archive, TAMS=top-at-mark-start (previous, next)
|   0|0x00000000a1c00000, 0x00000000a1d00000, 0x00000000a1d00000|100%| O|  |TAMS 0x00000000a1d00000, 0x00000000a1d00000| Untracked 
|   1|0x00000000a1d00000, 0x00000000a1e00000, 0x00000000a1e00000|100%| O|  |TAMS 0x00000000a1e00000, 0x00000000a1e00000| Untracked 
|   2|0x00000000a1e00000, 0x00000000a1f00000, 0x00000000a1f00000|100%| O|  |TAMS 0x00000000a1f00000, 0x00000000a1f00000| Untracked 
|   3|0x00000000a1f00000, 0x00000000a2000000, 0x00000000a2000000|100%| O|  |TAMS 0x00000000a2000000, 0x00000000a2000000| Untracked 
|   4|0x00000000a2000000, 0x00000000a2100000, 0x00000000a2100000|100%| O|  |TAMS 0x00000000a2100000, 0x00000000a2100000| Untracked 
|   5|0x00000000a2100000, 0x00000000a2200000, 0x00000000a2200000|100%| O|  |TAMS 0x00000000a2200000, 0x00000000a2200000| Untracked 
|   6|0x00000000a2200000, 0x00000000a2300000, 0x00000000a2300000|100%| O|  |TAMS 0x00000000a2300000, 0x00000000a2300000| Untracked 
|   7|0x00000000a2300000, 0x00000000a2400000, 0x00000000a2400000|100%| O|  |TAMS 0x00000000a2400000, 0x00000000a2400000| Untracked 
|   8|0x00000000a2400000, 0x00000000a2500000, 0x00000000a2500000|100%| O|  |TAMS 0x00000000a2500000, 0x00000000a2500000| Untracked 
|   9|0x00000000a2500000, 0x00000000a2600000, 0x00000000a2600000|100%| O|  |TAMS 0x00000000a2600000, 0x00000000a2600000| Untracked 
|  10|0x00000000a2600000, 0x00000000a2700000, 0x00000000a2700000|100%|HS|  |TAMS 0x00000000a2700000, 0x00000000a2700000| Complete 
|  11|0x00000000a2700000, 0x00000000a2700000, 0x00000000a2800000|  0%| F|  |TAMS 0x00000000a2700000, 0x00000000a2700000| Untracked 
|  12|0x00000000a2800000, 0x00000000a2900000, 0x00000000a2900000|100%| O|  |TAMS 0x00000000a2900000, 0x00000000a2900000| Untracked 
|  13|0x00000000a2900000, 0x00000000a2a00000, 0x00000000a2a00000|100%|HS|  |TAMS 0x00000000a2900000, 0x00000000a2900000| Complete 
|  14|0x00000000a2a00000, 0x00000000a2b00000, 0x00000000a2b00000|100%|HC|  |TAMS 0x00000000a2a00000, 0x00000000a2a00000| Complete 
|  15|0x00000000a2b00000, 0x00000000a2bec400, 0x00000000a2c00000| 92%| O|  |TAMS 0x00000000a2b00000, 0x00000000a2bec400| Untracked 
|  16|0x00000000a2c00000, 0x00000000a2d00000, 0x00000000a2d00000|100%| O|  |TAMS 0x00000000a2d00000, 0x00000000a2d00000| Untracked 
|  17|0x00000000a2d00000, 0x00000000a2d00000, 0x00000000a2e00000|  0%| F|  |TAMS 0x00000000a2d00000, 0x00000000a2d00000| Untracked 
|  18|0x00000000a2e00000, 0x00000000a2f00000, 0x00000000a2f00000|100%| O|  |TAMS 0x00000000a2f00000, 0x00000000a2f00000| Untracked 
|  19|0x00000000a2f00000, 0x00000000a3000000, 0x00000000a3000000|100%| O|  |TAMS 0x00000000a3000000, 0x00000000a3000000| Untracked 
|  20|0x00000000a3000000, 0x00000000a3100000, 0x00000000a3100000|100%| O|  |TAMS 0x00000000a3100000, 0x00000000a3100000| Untracked 
|  21|0x00000000a3100000, 0x00000000a3100000, 0x00000000a3200000|  0%| F|  |TAMS 0x00000000a3100000, 0x00000000a3100000| Untracked 
|  22|0x00000000a3200000, 0x00000000a3300000, 0x00000000a3300000|100%| O|  |TAMS 0x00000000a3300000, 0x00000000a3300000| Untracked 
|  23|0x00000000a3300000, 0x00000000a3400000, 0x00000000a3400000|100%|HS|  |TAMS 0x00000000a3300000, 0x00000000a3300000| Complete 
|  24|0x00000000a3400000, 0x00000000a3500000, 0x00000000a3500000|100%|HC|  |TAMS 0x00000000a3400000, 0x00000000a3400000| Complete 
|  25|0x00000000a3500000, 0x00000000a3600000, 0x00000000a3600000|100%| O|  |TAMS 0x00000000a3600000, 0x00000000a3600000| Untracked 
|  26|0x00000000a3600000, 0x00000000a3700000, 0x00000000a3700000|100%|HS|  |TAMS 0x00000000a3600000, 0x00000000a3600000| Complete 
|  27|0x00000000a3700000, 0x00000000a3800000, 0x00000000a3800000|100%|HC|  |TAMS 0x00000000a3700000, 0x00000000a3700000| Complete 
|  28|0x00000000a3800000, 0x00000000a3900000, 0x00000000a3900000|100%| O|  |TAMS 0x00000000a3900000, 0x00000000a3900000| Untracked 
|  29|0x00000000a3900000, 0x00000000a3a00000, 0x00000000a3a00000|100%|HS|  |TAMS 0x00000000a3900000, 0x00000000a3900000| Complete 
|  30|0x00000000a3a00000, 0x00000000a3b00000, 0x00000000a3b00000|100%|HC|  |TAMS 0x00000000a3a00000, 0x00000000a3a00000| Complete 
|  31|0x00000000a3b00000, 0x00000000a3c00000, 0x00000000a3c00000|100%|HS|  |TAMS 0x00000000a3b00000, 0x00000000a3b00000| Complete 
|  32|0x00000000a3c00000, 0x00000000a3d00000, 0x00000000a3d00000|100%|HC|  |TAMS 0x00000000a3c00000, 0x00000000a3c00000| Complete 
|  33|0x00000000a3d00000, 0x00000000a3d00000, 0x00000000a3e00000|  0%| F|  |TAMS 0x00000000a3d00000, 0x00000000a3d00000| Untracked 
|  34|0x00000000a3e00000, 0x00000000a3f00000, 0x00000000a3f00000|100%|HS|  |TAMS 0x00000000a3f00000, 0x00000000a3f00000| Complete 
|  35|0x00000000a3f00000, 0x00000000a4000000, 0x00000000a4000000|100%|HS|  |TAMS 0x00000000a4000000, 0x00000000a4000000| Complete 
|  36|0x00000000a4000000, 0x00000000a4100000, 0x00000000a4100000|100%|HS|  |TAMS 0x00000000a4000000, 0x00000000a4000000| Complete 
|  37|0x00000000a4100000, 0x00000000a4200000, 0x00000000a4200000|100%|HC|  |TAMS 0x00000000a4100000, 0x00000000a4100000| Complete 
|  38|0x00000000a4200000, 0x00000000a4300000, 0x00000000a4300000|100%|HS|  |TAMS 0x00000000a4200000, 0x00000000a4200000| Complete 
|  39|0x00000000a4300000, 0x00000000a4400000, 0x00000000a4400000|100%|HC|  |TAMS 0x00000000a4300000, 0x00000000a4300000| Complete 
|  40|0x00000000a4400000, 0x00000000a4500000, 0x00000000a4500000|100%| O|  |TAMS 0x00000000a4400000, 0x00000000a4500000| Untracked 
|  41|0x00000000a4500000, 0x00000000a4600000, 0x00000000a4600000|100%| O|  |TAMS 0x00000000a4600000, 0x00000000a4600000| Untracked 
|  42|0x00000000a4600000, 0x00000000a4700000, 0x00000000a4700000|100%| O|  |TAMS 0x00000000a4700000, 0x00000000a4700000| Untracked 
|  43|0x00000000a4700000, 0x00000000a4800000, 0x00000000a4800000|100%| O|  |TAMS 0x00000000a4800000, 0x00000000a4800000| Untracked 
|  44|0x00000000a4800000, 0x00000000a4800000, 0x00000000a4900000|  0%| F|  |TAMS 0x00000000a4800000, 0x00000000a4800000| Untracked 
|  45|0x00000000a4900000, 0x00000000a4a00000, 0x00000000a4a00000|100%| O|  |TAMS 0x00000000a4a00000, 0x00000000a4a00000| Untracked 
|  46|0x00000000a4a00000, 0x00000000a4b00000, 0x00000000a4b00000|100%|HS|  |TAMS 0x00000000a4a00000, 0x00000000a4a00000| Complete 
|  47|0x00000000a4b00000, 0x00000000a4c00000, 0x00000000a4c00000|100%|HC|  |TAMS 0x00000000a4b00000, 0x00000000a4b00000| Complete 
|  48|0x00000000a4c00000, 0x00000000a4c00000, 0x00000000a4d00000|  0%| F|  |TAMS 0x00000000a4c00000, 0x00000000a4c00000| Untracked 
|  49|0x00000000a4d00000, 0x00000000a4e00000, 0x00000000a4e00000|100%| O|  |TAMS 0x00000000a4e00000, 0x00000000a4e00000| Untracked 
|  50|0x00000000a4e00000, 0x00000000a4f00000, 0x00000000a4f00000|100%| O|  |TAMS 0x00000000a4f00000, 0x00000000a4f00000| Untracked 
|  51|0x00000000a4f00000, 0x00000000a5000000, 0x00000000a5000000|100%| O|  |TAMS 0x00000000a5000000, 0x00000000a5000000| Untracked 
|  52|0x00000000a5000000, 0x00000000a5100000, 0x00000000a5100000|100%| O|  |TAMS 0x00000000a5100000, 0x00000000a5100000| Untracked 
|  53|0x00000000a5100000, 0x00000000a5200000, 0x00000000a5200000|100%| O|  |TAMS 0x00000000a5200000, 0x00000000a5200000| Untracked 
|  54|0x00000000a5200000, 0x00000000a5300000, 0x00000000a5300000|100%| O|  |TAMS 0x00000000a5220200, 0x00000000a5300000| Untracked 
|  55|0x00000000a5300000, 0x00000000a5300000, 0x00000000a5400000|  0%| F|  |TAMS 0x00000000a5300000, 0x00000000a5300000| Untracked 
|  56|0x00000000a5400000, 0x00000000a5400000, 0x00000000a5500000|  0%| F|  |TAMS 0x00000000a5400000, 0x00000000a5400000| Untracked 
|  57|0x00000000a5500000, 0x00000000a5600000, 0x00000000a5600000|100%| O|  |TAMS 0x00000000a5500000, 0x00000000a5600000| Untracked 
|  58|0x00000000a5600000, 0x00000000a5600000, 0x00000000a5700000|  0%| F|  |TAMS 0x00000000a5600000, 0x00000000a5600000| Untracked 
|  59|0x00000000a5700000, 0x00000000a5700000, 0x00000000a5800000|  0%| F|  |TAMS 0x00000000a5700000, 0x00000000a5700000| Untracked 
|  60|0x00000000a5800000, 0x00000000a5800000, 0x00000000a5900000|  0%| F|  |TAMS 0x00000000a5800000, 0x00000000a5800000| Untracked 
|  61|0x00000000a5900000, 0x00000000a5900000, 0x00000000a5a00000|  0%| F|  |TAMS 0x00000000a5900000, 0x00000000a5900000| Untracked 
|  62|0x00000000a5a00000, 0x00000000a5a00000, 0x00000000a5b00000|  0%| F|  |TAMS 0x00000000a5a00000, 0x00000000a5a00000| Untracked 
|  63|0x00000000a5b00000, 0x00000000a5b00000, 0x00000000a5c00000|  0%| F|  |TAMS 0x00000000a5b00000, 0x00000000a5b00000| Untracked 
|  64|0x00000000a5c00000, 0x00000000a5c00000, 0x00000000a5d00000|  0%| F|  |TAMS 0x00000000a5c00000, 0x00000000a5c00000| Untracked 
|  65|0x00000000a5d00000, 0x00000000a5d00000, 0x00000000a5e00000|  0%| F|  |TAMS 0x00000000a5d00000, 0x00000000a5d00000| Untracked 
|  66|0x00000000a5e00000, 0x00000000a5e00000, 0x00000000a5f00000|  0%| F|  |TAMS 0x00000000a5e00000, 0x00000000a5e00000| Untracked 
|  67|0x00000000a5f00000, 0x00000000a5f00000, 0x00000000a6000000|  0%| F|  |TAMS 0x00000000a5f00000, 0x00000000a5f00000| Untracked 
|  68|0x00000000a6000000, 0x00000000a6000000, 0x00000000a6100000|  0%| F|  |TAMS 0x00000000a6000000, 0x00000000a6000000| Untracked 
|  69|0x00000000a6100000, 0x00000000a6100000, 0x00000000a6200000|  0%| F|  |TAMS 0x00000000a6100000, 0x00000000a6100000| Untracked 
|  70|0x00000000a6200000, 0x00000000a6200000, 0x00000000a6300000|  0%| F|  |TAMS 0x00000000a6200000, 0x00000000a6200000| Untracked 
|  71|0x00000000a6300000, 0x00000000a6300000, 0x00000000a6400000|  0%| F|  |TAMS 0x00000000a6300000, 0x00000000a6300000| Untracked 
|  72|0x00000000a6400000, 0x00000000a6400000, 0x00000000a6500000|  0%| F|  |TAMS 0x00000000a6400000, 0x00000000a6400000| Untracked 
|  73|0x00000000a6500000, 0x00000000a6500000, 0x00000000a6600000|  0%| F|  |TAMS 0x00000000a6500000, 0x00000000a6500000| Untracked 
|  74|0x00000000a6600000, 0x00000000a6700000, 0x00000000a6700000|100%| O|  |TAMS 0x00000000a6600000, 0x00000000a6700000| Untracked 
|  75|0x00000000a6700000, 0x00000000a6800000, 0x00000000a6800000|100%| O|  |TAMS 0x00000000a6700000, 0x00000000a6800000| Untracked 
|  76|0x00000000a6800000, 0x00000000a6900000, 0x00000000a6900000|100%| O|  |TAMS 0x00000000a6800000, 0x00000000a6900000| Untracked 
|  77|0x00000000a6900000, 0x00000000a6900000, 0x00000000a6a00000|  0%| F|  |TAMS 0x00000000a6900000, 0x00000000a6900000| Untracked 
|  78|0x00000000a6a00000, 0x00000000a6a00000, 0x00000000a6b00000|  0%| F|  |TAMS 0x00000000a6a00000, 0x00000000a6a00000| Untracked 
|  79|0x00000000a6b00000, 0x00000000a6b00000, 0x00000000a6c00000|  0%| F|  |TAMS 0x00000000a6b00000, 0x00000000a6b00000| Untracked 
|  80|0x00000000a6c00000, 0x00000000a6c00000, 0x00000000a6d00000|  0%| F|  |TAMS 0x00000000a6c00000, 0x00000000a6c00000| Untracked 
|  81|0x00000000a6d00000, 0x00000000a6d00000, 0x00000000a6e00000|  0%| F|  |TAMS 0x00000000a6d00000, 0x00000000a6d00000| Untracked 
|  82|0x00000000a6e00000, 0x00000000a6e00000, 0x00000000a6f00000|  0%| F|  |TAMS 0x00000000a6e00000, 0x00000000a6e00000| Untracked 
|  83|0x00000000a6f00000, 0x00000000a6f00000, 0x00000000a7000000|  0%| F|  |TAMS 0x00000000a6f00000, 0x00000000a6f00000| Untracked 
|  84|0x00000000a7000000, 0x00000000a7000000, 0x00000000a7100000|  0%| F|  |TAMS 0x00000000a7000000, 0x00000000a7000000| Untracked 
|  85|0x00000000a7100000, 0x00000000a7100000, 0x00000000a7200000|  0%| F|  |TAMS 0x00000000a7100000, 0x00000000a7100000| Untracked 
|  86|0x00000000a7200000, 0x00000000a725e6f8, 0x00000000a7300000| 36%| E|  |TAMS 0x00000000a7200000, 0x00000000a7200000| Complete 
|  87|0x00000000a7300000, 0x00000000a7400000, 0x00000000a7400000|100%| E|CS|TAMS 0x00000000a7300000, 0x00000000a7300000| Complete 
|  88|0x00000000a7400000, 0x00000000a7500000, 0x00000000a7500000|100%| E|CS|TAMS 0x00000000a7400000, 0x00000000a7400000| Complete 
|  89|0x00000000a7500000, 0x00000000a7600000, 0x00000000a7600000|100%| E|CS|TAMS 0x00000000a7500000, 0x00000000a7500000| Complete 
|  90|0x00000000a7600000, 0x00000000a7700000, 0x00000000a7700000|100%| E|CS|TAMS 0x00000000a7600000, 0x00000000a7600000| Complete 
|  91|0x00000000a7700000, 0x00000000a7800000, 0x00000000a7800000|100%| E|CS|TAMS 0x00000000a7700000, 0x00000000a7700000| Complete 
|  92|0x00000000a7800000, 0x00000000a7900000, 0x00000000a7900000|100%| E|CS|TAMS 0x00000000a7800000, 0x00000000a7800000| Complete 
|  93|0x00000000a7900000, 0x00000000a7a00000, 0x00000000a7a00000|100%| E|CS|TAMS 0x00000000a7900000, 0x00000000a7900000| Complete 
|  94|0x00000000a7a00000, 0x00000000a7b00000, 0x00000000a7b00000|100%| E|CS|TAMS 0x00000000a7a00000, 0x00000000a7a00000| Complete 
|  95|0x00000000a7b00000, 0x00000000a7c00000, 0x00000000a7c00000|100%| E|CS|TAMS 0x00000000a7b00000, 0x00000000a7b00000| Complete 
|  96|0x00000000a7c00000, 0x00000000a7d00000, 0x00000000a7d00000|100%| E|CS|TAMS 0x00000000a7c00000, 0x00000000a7c00000| Complete 
|  97|0x00000000a7d00000, 0x00000000a7e00000, 0x00000000a7e00000|100%| E|CS|TAMS 0x00000000a7d00000, 0x00000000a7d00000| Complete 
|  98|0x00000000a7e00000, 0x00000000a7f00000, 0x00000000a7f00000|100%| E|CS|TAMS 0x00000000a7e00000, 0x00000000a7e00000| Complete 
|  99|0x00000000a7f00000, 0x00000000a8000000, 0x00000000a8000000|100%| E|CS|TAMS 0x00000000a7f00000, 0x00000000a7f00000| Complete 
| 100|0x00000000a8000000, 0x00000000a8100000, 0x00000000a8100000|100%| E|CS|TAMS 0x00000000a8000000, 0x00000000a8000000| Complete 
| 101|0x00000000a8100000, 0x00000000a8200000, 0x00000000a8200000|100%| E|CS|TAMS 0x00000000a8100000, 0x00000000a8100000| Complete 
| 102|0x00000000a8200000, 0x00000000a8300000, 0x00000000a8300000|100%| E|CS|TAMS 0x00000000a8200000, 0x00000000a8200000| Complete 
| 103|0x00000000a8300000, 0x00000000a8400000, 0x00000000a8400000|100%| E|CS|TAMS 0x00000000a8300000, 0x00000000a8300000| Complete 
| 104|0x00000000a8400000, 0x00000000a8500000, 0x00000000a8500000|100%| E|CS|TAMS 0x00000000a8400000, 0x00000000a8400000| Complete 
| 105|0x00000000a8500000, 0x00000000a8600000, 0x00000000a8600000|100%| E|CS|TAMS 0x00000000a8500000, 0x00000000a8500000| Complete 
| 106|0x00000000a8600000, 0x00000000a8700000, 0x00000000a8700000|100%| E|CS|TAMS 0x00000000a8600000, 0x00000000a8600000| Complete 
| 107|0x00000000a8700000, 0x00000000a8800000, 0x00000000a8800000|100%| E|CS|TAMS 0x00000000a8700000, 0x00000000a8700000| Complete 
| 108|0x00000000a8800000, 0x00000000a8900000, 0x00000000a8900000|100%| E|CS|TAMS 0x00000000a8800000, 0x00000000a8800000| Complete 
| 109|0x00000000a8900000, 0x00000000a8a00000, 0x00000000a8a00000|100%| E|CS|TAMS 0x00000000a8900000, 0x00000000a8900000| Complete 
| 110|0x00000000a8a00000, 0x00000000a8b00000, 0x00000000a8b00000|100%| E|CS|TAMS 0x00000000a8a00000, 0x00000000a8a00000| Complete 
| 111|0x00000000a8b00000, 0x00000000a8c00000, 0x00000000a8c00000|100%| E|CS|TAMS 0x00000000a8b00000, 0x00000000a8b00000| Complete 
| 112|0x00000000a8c00000, 0x00000000a8d00000, 0x00000000a8d00000|100%| E|CS|TAMS 0x00000000a8c00000, 0x00000000a8c00000| Complete 
| 113|0x00000000a8d00000, 0x00000000a8e00000, 0x00000000a8e00000|100%| E|CS|TAMS 0x00000000a8d00000, 0x00000000a8d00000| Complete 
| 114|0x00000000a8e00000, 0x00000000a8f00000, 0x00000000a8f00000|100%| E|CS|TAMS 0x00000000a8e00000, 0x00000000a8e00000| Complete 
| 115|0x00000000a8f00000, 0x00000000a9000000, 0x00000000a9000000|100%| E|CS|TAMS 0x00000000a8f00000, 0x00000000a8f00000| Complete 
| 116|0x00000000a9000000, 0x00000000a9100000, 0x00000000a9100000|100%| E|CS|TAMS 0x00000000a9000000, 0x00000000a9000000| Complete 
| 117|0x00000000a9100000, 0x00000000a9200000, 0x00000000a9200000|100%| E|CS|TAMS 0x00000000a9100000, 0x00000000a9100000| Complete 
| 118|0x00000000a9200000, 0x00000000a9300000, 0x00000000a9300000|100%| E|CS|TAMS 0x00000000a9200000, 0x00000000a9200000| Complete 
| 119|0x00000000a9300000, 0x00000000a9316030, 0x00000000a9400000|  8%| S|CS|TAMS 0x00000000a9300000, 0x00000000a9300000| Complete 
| 120|0x00000000a9400000, 0x00000000a9500000, 0x00000000a9500000|100%| S|CS|TAMS 0x00000000a9400000, 0x00000000a9400000| Complete 
| 121|0x00000000a9500000, 0x00000000a9600000, 0x00000000a9600000|100%| E|CS|TAMS 0x00000000a9500000, 0x00000000a9500000| Complete 
| 122|0x00000000a9600000, 0x00000000a9700000, 0x00000000a9700000|100%| E|CS|TAMS 0x00000000a9600000, 0x00000000a9600000| Complete 
| 143|0x00000000aab00000, 0x00000000aac00000, 0x00000000aac00000|100%| E|CS|TAMS 0x00000000aab00000, 0x00000000aab00000| Complete 

Card table byte_map: [0x00000232f68a0000,0x00000232f6ba0000] _byte_map_base: 0x00000232f6392000

Marking Bits (Prev, Next): (CMBitMap*) 0x00000232f2bf2da0, (CMBitMap*) 0x00000232f2bf2d60
 Prev Bits: [0x00000232f8630000, 0x00000232f9dc0000)
 Next Bits: [0x00000232f6ea0000, 0x00000232f8630000)

Polling page: 0x00000232f0d20000

Metaspace:

Usage:
  Non-class:     40.80 MB used.
      Class:      4.87 MB used.
       Both:     45.67 MB used.

Virtual space:
  Non-class space:       48.00 MB reserved,      41.00 MB ( 85%) committed,  6 nodes.
      Class space:        1.00 GB reserved,       5.06 MB ( <1%) committed,  1 nodes.
             Both:        1.05 GB reserved,      46.06 MB (  4%) committed. 

Chunk freelists:
   Non-Class:  2.36 MB
       Class:  2.97 MB
        Both:  5.33 MB

MaxMetaspaceSize: unlimited
CompressedClassSpaceSize: 1.00 GB
Initial GC threshold: 21.00 MB
Current GC threshold: 72.19 MB
CDS: off
MetaspaceReclaimPolicy: balanced
 - commit_granule_bytes: 65536.
 - commit_granule_words: 8192.
 - virtual_space_node_default_size: 1048576.
 - enlarge_chunks_in_place: 1.
 - new_chunks_are_fully_committed: 0.
 - uncommit_free_chunks: 1.
 - use_allocation_guard: 0.
 - handle_deallocations: 1.


Internal statistics:

num_allocs_failed_limit: 3.
num_arena_births: 286.
num_arena_deaths: 8.
num_vsnodes_births: 7.
num_vsnodes_deaths: 0.
num_space_committed: 755.
num_space_uncommitted: 18.
num_chunks_returned_to_freelist: 93.
num_chunks_taken_from_freelist: 1602.
num_chunk_merges: 22.
num_chunk_splits: 1069.
num_chunks_enlarged: 797.
num_purges: 2.
num_inconsistent_stats: 0.

CodeHeap 'non-profiled nmethods': size=120000Kb used=3769Kb max_used=3769Kb free=116230Kb
 bounds [0x0000023287ad0000, 0x0000023287e80000, 0x000002328f000000]
CodeHeap 'profiled nmethods': size=120000Kb used=14329Kb max_used=14329Kb free=105671Kb
 bounds [0x00000232805a0000, 0x00000232813a0000, 0x0000023287ad0000]
CodeHeap 'non-nmethods': size=5760Kb used=1295Kb max_used=1322Kb free=4464Kb
 bounds [0x0000023280000000, 0x0000023280270000, 0x00000232805a0000]
 total_blobs=7433 nmethods=6819 adapters=526
 compilation: enabled
              stopped_count=0, restarted_count=0
 full_count=0

Compilation events (20 events):
Event: 44.244 Thread 0x00000232fd428960 7829       3       java.lang.ProcessEnvironment$CheckedEntry::getKey (13 bytes)
Event: 44.244 Thread 0x00000232fd428960 nmethod 7829 0x0000023281387b10 code [0x0000023281387cc0, 0x0000023281387f68]
Event: 44.281 Thread 0x00000232fd428960 7831       3       java.lang.invoke.InnerClassLambdaMetafactory::<init> (258 bytes)
Event: 44.285 Thread 0x00000232fd428960 nmethod 7831 0x0000023281388090 code [0x00000232813884a0, 0x000002328138a338]
Event: 44.285 Thread 0x00000232fd428960 7832   !   3       java.lang.invoke.AbstractValidatingLambdaMetafactory::<init> (559 bytes)
Event: 44.296 Thread 0x00000232fd428960 nmethod 7832 0x000002328138ae10 code [0x000002328138b7a0, 0x0000023281391568]
Event: 44.296 Thread 0x00000232fd428960 7833   !   3       java.lang.invoke.MethodHandles$Lookup::revealDirect (196 bytes)
Event: 44.298 Thread 0x00000232fd428960 nmethod 7833 0x0000023281393410 code [0x0000023281393760, 0x0000023281394ae8]
Event: 44.298 Thread 0x00000232fd428960 7834       3       java.lang.invoke.InfoFromMemberName::<init> (72 bytes)
Event: 44.299 Thread 0x00000232fd428960 nmethod 7834 0x0000023281395210 code [0x00000232813953c0, 0x0000023281395598]
Event: 44.299 Thread 0x00000232fd428960 7835       3       java.lang.invoke.InfoFromMemberName::getName (8 bytes)
Event: 44.299 Thread 0x00000232fd428960 nmethod 7835 0x0000023281395690 code [0x0000023281395860, 0x0000023281395c48]
Event: 44.299 Thread 0x00000232fd428960 7836       3       java.lang.invoke.InfoFromMemberName::getMethodType (8 bytes)
Event: 44.299 Thread 0x00000232fd428960 nmethod 7836 0x0000023281395d90 code [0x0000023281395f40, 0x0000023281396088]
Event: 44.658 Thread 0x00000232fd428960 7838       3       java.util.zip.CRC32::update (51 bytes)
Event: 44.659 Thread 0x00000232fd428960 nmethod 7838 0x0000023281396190 code [0x0000023281396380, 0x00000232813967e8]
Event: 44.685 Thread 0x00000232fd428960 7839       3       java.lang.invoke.MemberName::isField (8 bytes)
Event: 44.686 Thread 0x00000232fd428960 nmethod 7839 0x0000023281396990 code [0x0000023281396b40, 0x0000023281396d78]
Event: 44.690 Thread 0x00000232fd428960 7840       3       java.lang.AbstractStringBuilder::append (45 bytes)
Event: 44.690 Thread 0x00000232fd428960 nmethod 7840 0x0000023281396e90 code [0x0000023281397060, 0x00000232813973a8]

GC Heap History (20 events):
Event: 29.638 GC heap before
{Heap before GC invocations=17 (full 0):
 garbage-first heap   total 126976K, used 106170K [0x00000000a1c00000, 0x0000000100000000)
  region size 1024K, 67 young (68608K), 2 survivors (2048K)
 Metaspace       used 36072K, committed 36416K, reserved 1081344K
  class space    used 3869K, committed 4032K, reserved 1048576K
}
Event: 29.653 GC heap after
{Heap after GC invocations=18 (full 0):
 garbage-first heap   total 126976K, used 42222K [0x00000000a1c00000, 0x0000000100000000)
  region size 1024K, 6 young (6144K), 6 survivors (6144K)
 Metaspace       used 36072K, committed 36416K, reserved 1081344K
  class space    used 3869K, committed 4032K, reserved 1048576K
}
Event: 30.593 GC heap before
{Heap before GC invocations=18 (full 0):
 garbage-first heap   total 126976K, used 94446K [0x00000000a1c00000, 0x0000000100000000)
  region size 1024K, 55 young (56320K), 6 survivors (6144K)
 Metaspace       used 36399K, committed 36672K, reserved 1081344K
  class space    used 3891K, committed 4032K, reserved 1048576K
}
Event: 30.621 GC heap after
{Heap after GC invocations=19 (full 0):
 garbage-first heap   total 126976K, used 58617K [0x00000000a1c00000, 0x0000000100000000)
  region size 1024K, 7 young (7168K), 7 survivors (7168K)
 Metaspace       used 36399K, committed 36672K, reserved 1081344K
  class space    used 3891K, committed 4032K, reserved 1048576K
}
Event: 31.815 GC heap before
{Heap before GC invocations=19 (full 0):
 garbage-first heap   total 126976K, used 92409K [0x00000000a1c00000, 0x0000000100000000)
  region size 1024K, 41 young (41984K), 7 survivors (7168K)
 Metaspace       used 39567K, committed 39936K, reserved 1089536K
  class space    used 4248K, committed 4416K, reserved 1048576K
}
Event: 31.826 GC heap after
{Heap after GC invocations=20 (full 0):
 garbage-first heap   total 126976K, used 57887K [0x00000000a1c00000, 0x0000000100000000)
  region size 1024K, 3 young (3072K), 3 survivors (3072K)
 Metaspace       used 39567K, committed 39936K, reserved 1089536K
  class space    used 4248K, committed 4416K, reserved 1048576K
}
Event: 32.924 GC heap before
{Heap before GC invocations=20 (full 0):
 garbage-first heap   total 126976K, used 69151K [0x00000000a1c00000, 0x0000000100000000)
  region size 1024K, 16 young (16384K), 3 survivors (3072K)
 Metaspace       used 45060K, committed 45440K, reserved 1089536K
  class space    used 4875K, committed 5056K, reserved 1048576K
}
Event: 32.929 GC heap after
{Heap after GC invocations=21 (full 0):
 garbage-first heap   total 126976K, used 58596K [0x00000000a1c00000, 0x0000000100000000)
  region size 1024K, 4 young (4096K), 4 survivors (4096K)
 Metaspace       used 45060K, committed 45440K, reserved 1089536K
  class space    used 4875K, committed 5056K, reserved 1048576K
}
Event: 33.047 GC heap before
{Heap before GC invocations=21 (full 0):
 garbage-first heap   total 126976K, used 60644K [0x00000000a1c00000, 0x0000000100000000)
  region size 1024K, 5 young (5120K), 4 survivors (4096K)
 Metaspace       used 45085K, committed 45440K, reserved 1089536K
  class space    used 4877K, committed 5056K, reserved 1048576K
}
Event: 33.050 GC heap after
{Heap after GC invocations=22 (full 0):
 garbage-first heap   total 126976K, used 58617K [0x00000000a1c00000, 0x0000000100000000)
  region size 1024K, 2 young (2048K), 2 survivors (2048K)
 Metaspace       used 45085K, committed 45440K, reserved 1089536K
  class space    used 4877K, committed 5056K, reserved 1048576K
}
Event: 36.055 GC heap before
{Heap before GC invocations=23 (full 0):
 garbage-first heap   total 126976K, used 121081K [0x00000000a1c00000, 0x0000000100000000)
  region size 1024K, 13 young (13312K), 2 survivors (2048K)
 Metaspace       used 43677K, committed 44480K, reserved 1089536K
  class space    used 4683K, committed 4992K, reserved 1048576K
}
Event: 36.057 GC heap after
{Heap after GC invocations=24 (full 0):
 garbage-first heap   total 126976K, used 58250K [0x00000000a1c00000, 0x0000000100000000)
  region size 1024K, 3 young (3072K), 3 survivors (3072K)
 Metaspace       used 43677K, committed 44480K, reserved 1089536K
  class space    used 4683K, committed 4992K, reserved 1048576K
}
Event: 36.750 GC heap before
{Heap before GC invocations=24 (full 0):
 garbage-first heap   total 126976K, used 79754K [0x00000000a1c00000, 0x0000000100000000)
  region size 1024K, 6 young (6144K), 3 survivors (3072K)
 Metaspace       used 43836K, committed 44608K, reserved 1089536K
  class space    used 4686K, committed 4992K, reserved 1048576K
}
Event: 36.758 GC heap after
{Heap after GC invocations=25 (full 0):
 garbage-first heap   total 126976K, used 42757K [0x00000000a1c00000, 0x0000000100000000)
  region size 1024K, 1 young (1024K), 1 survivors (1024K)
 Metaspace       used 43836K, committed 44608K, reserved 1089536K
  class space    used 4686K, committed 4992K, reserved 1048576K
}
Event: 38.724 GC heap before
{Heap before GC invocations=25 (full 0):
 garbage-first heap   total 126976K, used 75525K [0x00000000a1c00000, 0x0000000100000000)
  region size 1024K, 6 young (6144K), 1 survivors (1024K)
 Metaspace       used 44032K, committed 44608K, reserved 1089536K
  class space    used 4695K, committed 4992K, reserved 1048576K
}
Event: 38.727 GC heap after
{Heap after GC invocations=26 (full 0):
 garbage-first heap   total 126976K, used 38400K [0x00000000a1c00000, 0x0000000100000000)
  region size 1024K, 1 young (1024K), 1 survivors (1024K)
 Metaspace       used 44032K, committed 44608K, reserved 1089536K
  class space    used 4695K, committed 4992K, reserved 1048576K
}
Event: 41.090 GC heap before
{Heap before GC invocations=26 (full 0):
 garbage-first heap   total 126976K, used 84480K [0x00000000a1c00000, 0x0000000100000000)
  region size 1024K, 29 young (29696K), 1 survivors (1024K)
 Metaspace       used 45130K, committed 45504K, reserved 1089536K
  class space    used 4790K, committed 4992K, reserved 1048576K
}
Event: 41.093 GC heap after
{Heap after GC invocations=27 (full 0):
 garbage-first heap   total 126976K, used 38865K [0x00000000a1c00000, 0x0000000100000000)
  region size 1024K, 2 young (2048K), 2 survivors (2048K)
 Metaspace       used 45130K, committed 45504K, reserved 1089536K
  class space    used 4790K, committed 4992K, reserved 1048576K
}
Event: 41.741 GC heap before
{Heap before GC invocations=27 (full 0):
 garbage-first heap   total 126976K, used 59345K [0x00000000a1c00000, 0x0000000100000000)
  region size 1024K, 5 young (5120K), 2 survivors (2048K)
 Metaspace       used 45145K, committed 45504K, reserved 1089536K
  class space    used 4791K, committed 4992K, reserved 1048576K
}
Event: 41.744 GC heap after
{Heap after GC invocations=28 (full 0):
 garbage-first heap   total 126976K, used 38921K [0x00000000a1c00000, 0x0000000100000000)
  region size 1024K, 2 young (2048K), 2 survivors (2048K)
 Metaspace       used 45145K, committed 45504K, reserved 1089536K
  class space    used 4791K, committed 4992K, reserved 1048576K
}

Deoptimization events (20 events):
Event: 44.687 Thread 0x000002328fd75110 Uncommon trap: trap_request=0xffffff45 fr.pc=0x0000023287b1c050 relative=0x00000000000001d0
Event: 44.687 Thread 0x000002328fd75110 Uncommon trap: reason=unstable_if action=reinterpret pc=0x0000023287b1c050 method=java.lang.String.indexOf(Ljava/lang/String;)I @ 10 c2
Event: 44.687 Thread 0x000002328fd75110 DEOPT PACKING pc=0x0000023287b1c050 sp=0x0000003dbadff0b0
Event: 44.687 Thread 0x000002328fd75110 DEOPT UNPACKING pc=0x00000232800523a3 sp=0x0000003dbadff050 mode 2
Event: 44.687 Thread 0x000002328fd75110 Uncommon trap: trap_request=0xffffff45 fr.pc=0x0000023287bc7174 relative=0x00000000000004b4
Event: 44.687 Thread 0x000002328fd75110 Uncommon trap: reason=unstable_if action=reinterpret pc=0x0000023287bc7174 method=java.lang.AbstractStringBuilder.putStringAt(ILjava/lang/String;II)V @ 8 c2
Event: 44.687 Thread 0x000002328fd75110 DEOPT PACKING pc=0x0000023287bc7174 sp=0x0000003dbadff060
Event: 44.687 Thread 0x000002328fd75110 DEOPT UNPACKING pc=0x00000232800523a3 sp=0x0000003dbadfeef8 mode 2
Event: 44.687 Thread 0x000002328fd75110 Uncommon trap: trap_request=0xffffff45 fr.pc=0x0000023287c79004 relative=0x00000000000004c4
Event: 44.687 Thread 0x000002328fd75110 Uncommon trap: reason=unstable_if action=reinterpret pc=0x0000023287c79004 method=java.lang.String.getBytes([BIIBI)V @ 6 c2
Event: 44.687 Thread 0x000002328fd75110 DEOPT PACKING pc=0x0000023287c79004 sp=0x0000003dbadff000
Event: 44.687 Thread 0x000002328fd75110 DEOPT UNPACKING pc=0x00000232800523a3 sp=0x0000003dbadfee68 mode 2
Event: 44.687 Thread 0x000002328fd75110 Uncommon trap: trap_request=0xffffff76 fr.pc=0x0000023287b10868 relative=0x0000000000001d08
Event: 44.687 Thread 0x000002328fd75110 Uncommon trap: reason=predicate action=maybe_recompile pc=0x0000023287b10868 method=java.util.regex.Pattern.compile()V @ 78 c2
Event: 44.687 Thread 0x000002328fd75110 DEOPT PACKING pc=0x0000023287b10868 sp=0x0000003dbadff070
Event: 44.687 Thread 0x000002328fd75110 DEOPT UNPACKING pc=0x00000232800523a3 sp=0x0000003dbadff050 mode 2
Event: 44.687 Thread 0x000002328fd75110 Uncommon trap: trap_request=0xffffff45 fr.pc=0x0000023287d47800 relative=0x0000000000000080
Event: 44.687 Thread 0x000002328fd75110 Uncommon trap: reason=unstable_if action=reinterpret pc=0x0000023287d47800 method=java.lang.String.codePointAt(I)I @ 4 c2
Event: 44.687 Thread 0x000002328fd75110 DEOPT PACKING pc=0x0000023287d47800 sp=0x0000003dbadff030
Event: 44.687 Thread 0x000002328fd75110 DEOPT UNPACKING pc=0x00000232800523a3 sp=0x0000003dbadfefd8 mode 2

Classes unloaded (20 events):
Event: 33.089 Thread 0x00000232fc7f1580 Unloading class 0x00000001003a67c8 'lombok/javac/apt/MessagerDiagnosticsReceiver'
Event: 33.089 Thread 0x00000232fc7f1580 Unloading class 0x00000001003a6420 'lombok/javac/apt/InterceptingJavaFileManager'
Event: 33.089 Thread 0x00000232fc7f1580 Unloading class 0x00000001003a6218 'lombok/permit/dummy/Parent'
Event: 33.089 Thread 0x00000232fc7f1580 Unloading class 0x00000001003a6000 'lombok/core/CleanupRegistry'
Event: 33.089 Thread 0x00000232fc7f1580 Unloading class 0x00000001003a5de0 'lombok/permit/Permit$Fake'
Event: 33.089 Thread 0x00000232fc7f1580 Unloading class 0x00000001003a5be0 'lombok/permit/Permit'
Event: 33.089 Thread 0x00000232fc7f1580 Unloading class 0x00000001003a59e8 'lombok/core/DiagnosticsReceiver'
Event: 33.089 Thread 0x00000232fc7f1580 Unloading class 0x00000001003a5700 'lombok/javac/apt/LombokProcessor$1'
Event: 33.089 Thread 0x00000232fc7f1580 Unloading class 0x00000001003a5468 'lombok/javac/apt/LombokProcessor'
Event: 33.089 Thread 0x00000232fc7f1580 Unloading class 0x00000001003a5238 'lombok/core/AnnotationProcessor$EcjDescriptor'
Event: 33.089 Thread 0x00000232fc7f1580 Unloading class 0x00000001003a5000 'lombok/core/AnnotationProcessor$JavacDescriptor'
Event: 33.089 Thread 0x00000232fc7f1580 Unloading class 0x00000001003a4a80 'lombok/core/AnnotationProcessor$ProcessorDescriptor'
Event: 33.089 Thread 0x00000232fc7f1580 Unloading class 0x00000001003a4800 'lombok/core/AnnotationProcessor'
Event: 33.089 Thread 0x00000232fc7f1580 Unloading class 0x00000001003e1800 'lombok/launch/AnnotationProcessorHider$ClaimingProcessor'
Event: 33.089 Thread 0x00000232fc7f1580 Unloading class 0x00000001003a4498 'lombok/launch/AnnotationProcessorHider$AstModificationNotifierData'
Event: 33.089 Thread 0x00000232fc7f1580 Unloading class 0x00000001003a4218 'lombok/launch/ClassFileMetaData'
Event: 33.089 Thread 0x00000232fc7f1580 Unloading class 0x00000001003a4000 'lombok/launch/PackageShader'
Event: 33.089 Thread 0x00000232fc7f1580 Unloading class 0x000000010037c480 'lombok/launch/ShadowClassLoader'
Event: 33.089 Thread 0x00000232fc7f1580 Unloading class 0x000000010037c280 'lombok/launch/Main'
Event: 33.089 Thread 0x00000232fc7f1580 Unloading class 0x000000010037c000 'lombok/launch/AnnotationProcessorHider$AnnotationProcessor'

Classes redefined (0 events):
No events

Internal exceptions (20 events):
Event: 31.256 Thread 0x00000232f0a9ac20 Exception <a 'sun/nio/fs/WindowsException'{0x00000000a80f4f48}> (0x00000000a80f4f48) 
thrown [s\src\hotspot\share\prims\jni.cpp, line 516]
Event: 31.256 Thread 0x00000232f0a9ac20 Exception <a 'sun/nio/fs/WindowsException'{0x00000000a80f5278}> (0x00000000a80f5278) 
thrown [s\src\hotspot\share\prims\jni.cpp, line 516]
Event: 31.259 Thread 0x00000232f0a9ac20 Exception <a 'sun/nio/fs/WindowsException'{0x00000000a7f17c68}> (0x00000000a7f17c68) 
thrown [s\src\hotspot\share\prims\jni.cpp, line 516]
Event: 31.259 Thread 0x00000232f0a9ac20 Exception <a 'sun/nio/fs/WindowsException'{0x00000000a7f17f78}> (0x00000000a7f17f78) 
thrown [s\src\hotspot\share\prims\jni.cpp, line 516]
Event: 31.259 Thread 0x00000232f0a9ac20 Exception <a 'sun/nio/fs/WindowsException'{0x00000000a7f18fa8}> (0x00000000a7f18fa8) 
thrown [s\src\hotspot\share\prims\jni.cpp, line 516]
Event: 31.259 Thread 0x00000232f0a9ac20 Exception <a 'sun/nio/fs/WindowsException'{0x00000000a7f192d8}> (0x00000000a7f192d8) 
thrown [s\src\hotspot\share\prims\jni.cpp, line 516]
Event: 31.508 Thread 0x00000232f0a9ac20 Exception <a 'sun/nio/fs/WindowsException'{0x00000000a7bb0f98}> (0x00000000a7bb0f98) 
thrown [s\src\hotspot\share\prims\jni.cpp, line 516]
Event: 31.590 Thread 0x00000232f0a9ac20 Exception <a 'java/lang/NoSuchMethodError'{0x00000000a7bd1340}: 'int java.lang.invoke.DirectMethodHandle$Holder.invokeStaticInit(java.lang.Object, java.lang.Object, java.lang.Object, java.lang.Object)'> (0x00000000a7bd1340) 
thrown [s\src\hotspot\share\interpreter\linkResolver.cpp, line 759]
Event: 31.592 Thread 0x00000232f0a9ac20 Exception <a 'java/lang/IncompatibleClassChangeError'{0x00000000a7bdaa38}: Found class java.lang.Object, but interface was expected> (0x00000000a7bdaa38) 
thrown [s\src\hotspot\share\interpreter\linkResolver.cpp, line 826]
Event: 31.593 Thread 0x00000232f0a9ac20 Exception <a 'java/lang/NoSuchMethodError'{0x00000000a7bddf00}: 'void java.lang.invoke.DirectMethodHandle$Holder.invokeStaticInit(java.lang.Object, java.lang.Object)'> (0x00000000a7bddf00) 
thrown [s\src\hotspot\share\interpreter\linkResolver.cpp, line 759]
Event: 31.953 Thread 0x00000232f0a9ac20 Exception <a 'java/lang/NoSuchMethodError'{0x00000000a969b858}: 'java.lang.Object java.lang.invoke.DirectMethodHandle$Holder.invokeStaticInit(java.lang.Object, java.lang.Object, int, int, int, int)'> (0x00000000a969b858) 
thrown [s\src\hotspot\share\interpreter\linkResolver.cpp, line 759]
Event: 32.105 Thread 0x00000232f0a9ac20 Exception <a 'java/lang/NoSuchMethodError'{0x00000000a94350b8}: 'java.lang.Object java.lang.invoke.DirectMethodHandle$Holder.invokeStaticInit(java.lang.Object, java.lang.Object, java.lang.Object)'> (0x00000000a94350b8) 
thrown [s\src\hotspot\share\interpreter\linkResolver.cpp, line 759]
Event: 32.110 Thread 0x00000232f0a9ac20 Exception <a 'java/lang/NoSuchMethodError'{0x00000000a9447c40}: 'java.lang.Object java.lang.invoke.DirectMethodHandle$Holder.invokeStatic(java.lang.Object, java.lang.Object, int, java.lang.Object)'> (0x00000000a9447c40) 
thrown [s\src\hotspot\share\interpreter\linkResolver.cpp, line 759]
Event: 32.111 Thread 0x00000232f0a9ac20 Exception <a 'java/lang/NoSuchMethodError'{0x00000000a944e740}: 'java.lang.Object java.lang.invoke.DirectMethodHandle$Holder.newInvokeSpecial(java.lang.Object, java.lang.Object, int)'> (0x00000000a944e740) 
thrown [s\src\hotspot\share\interpreter\linkResolver.cpp, line 759]
Event: 32.748 Thread 0x00000232fdeef140 Implicit null exception at 0x0000023287c9418e to 0x0000023287c94254
Event: 39.572 Thread 0x000002328fd74770 Exception <a 'java/lang/NoSuchMethodError'{0x00000000a85a3de0}: 'java.lang.Object java.lang.invoke.DirectMethodHandle$Holder.invokeStaticInit(java.lang.Object, java.lang.Object, long, java.lang.Object)'> (0x00000000a85a3de0) 
thrown [s\src\hotspot\share\interpreter\linkResolver.cpp, line 759]
Event: 39.573 Thread 0x000002328fd74770 Exception <a 'java/lang/NoSuchMethodError'{0x00000000a85aa110}: 'java.lang.Object java.lang.invoke.DirectMethodHandle$Holder.newInvokeSpecial(java.lang.Object, java.lang.Object, long)'> (0x00000000a85aa110) 
thrown [s\src\hotspot\share\interpreter\linkResolver.cpp, line 759]
Event: 39.573 Thread 0x000002328fd74770 Exception <a 'java/lang/NoSuchMethodError'{0x00000000a85adc80}: 'java.lang.Object java.lang.invoke.Invokers$Holder.linkToTargetMethod(java.lang.Object, long, java.lang.Object)'> (0x00000000a85adc80) 
thrown [s\src\hotspot\share\interpreter\linkResolver.cpp, line 759]
Event: 44.280 Thread 0x00000232f0a9ac20 Exception <a 'java/lang/NoSuchMethodError'{0x00000000a7ab9358}: 'void java.lang.invoke.DirectMethodHandle$Holder.invokeStatic(java.lang.Object, long)'> (0x00000000a7ab9358) 
thrown [s\src\hotspot\share\interpreter\linkResolver.cpp, line 759]
Event: 44.281 Thread 0x00000232f0a9ac20 Exception <a 'java/lang/NoSuchMethodError'{0x00000000a7abe9a8}: 'java.lang.Object java.lang.invoke.DirectMethodHandle$Holder.newInvokeSpecial(java.lang.Object, long)'> (0x00000000a7abe9a8) 
thrown [s\src\hotspot\share\interpreter\linkResolver.cpp, line 759]

VM Operations (20 events):
Event: 38.724 Executing VM operation: G1CollectForAllocation
Event: 38.727 Executing VM operation: G1CollectForAllocation done
Event: 40.726 Executing VM operation: Cleanup
Event: 40.726 Executing VM operation: Cleanup done
Event: 41.090 Executing VM operation: G1TryInitiateConcMark
Event: 41.093 Executing VM operation: G1TryInitiateConcMark done
Event: 41.741 Executing VM operation: G1TryInitiateConcMark
Event: 41.744 Executing VM operation: G1TryInitiateConcMark done
Event: 42.403 Executing VM operation: HandshakeAllThreads
Event: 42.403 Executing VM operation: HandshakeAllThreads done
Event: 42.501 Executing VM operation: HandshakeAllThreads
Event: 42.501 Executing VM operation: HandshakeAllThreads done
Event: 43.503 Executing VM operation: Cleanup
Event: 43.503 Executing VM operation: Cleanup done
Event: 44.011 Executing VM operation: HandshakeAllThreads
Event: 44.011 Executing VM operation: HandshakeAllThreads done
Event: 44.023 Executing VM operation: HandshakeAllThreads
Event: 44.023 Executing VM operation: HandshakeAllThreads done
Event: 44.283 Executing VM operation: HandshakeAllThreads
Event: 44.283 Executing VM operation: HandshakeAllThreads done

Events (20 events):
Event: 44.243 loading class java/lang/ProcessImpl done
Event: 44.282 loading class java/lang/ProcessImpl$2
Event: 44.282 loading class java/lang/ProcessImpl$2 done
Event: 44.282 loading class java/lang/Process$PipeInputStream
Event: 44.282 loading class java/lang/Process$PipeInputStream done
Event: 44.284 loading class jdk/internal/event/ProcessStartEvent
Event: 44.284 loading class jdk/internal/event/ProcessStartEvent done
Event: 44.285 loading class java/nio/channels/ClosedChannelException
Event: 44.285 loading class java/nio/channels/ClosedChannelException done
Event: 44.289 loading class java/nio/channels/NonReadableChannelException
Event: 44.289 loading class java/nio/channels/NonReadableChannelException done
Event: 44.292 loading class java/nio/channels/NonWritableChannelException
Event: 44.292 loading class java/nio/channels/NonWritableChannelException done
Event: 44.682 Thread 0x000002328fd75110 Thread added: 0x000002328fd75110
Event: 44.682 Thread 0x000002328fd75ab0 Thread added: 0x000002328fd75ab0
Event: 44.683 loading class java/util/Scanner
Event: 44.684 loading class java/util/Scanner done
Event: 44.686 loading class java/util/Scanner$PatternLRUCache
Event: 44.687 loading class java/util/Scanner$PatternLRUCache done
Event: 44.699 Thread 0x000002328fd74c40 Thread added: 0x000002328fd74c40


Dynamic libraries:
0x00007ff753fe0000 - 0x00007ff753fee000 	C:\Users\Jonathan\Desktop\java\springsuite\sts-4.16.1.RELEASE\plugins\org.eclipse.justj.openjdk.hotspot.jre.full.win32.x86_64_17.0.4.v20221004-1257\jre\bin\javaw.exe
0x00007ffeb10f0000 - 0x00007ffeb12e8000 	C:\WINDOWS\SYSTEM32\ntdll.dll
0x00007ffeafe60000 - 0x00007ffeaff22000 	C:\WINDOWS\System32\KERNEL32.DLL
0x00007ffeae780000 - 0x00007ffeaea76000 	C:\WINDOWS\System32\KERNELBASE.dll
0x00007ffeaf010000 - 0x00007ffeaf110000 	C:\WINDOWS\System32\ucrtbase.dll
0x00007ffea9ba0000 - 0x00007ffea9bb9000 	C:\Users\Jonathan\Desktop\java\springsuite\sts-4.16.1.RELEASE\plugins\org.eclipse.justj.openjdk.hotspot.jre.full.win32.x86_64_17.0.4.v20221004-1257\jre\bin\VCRUNTIME140.dll
0x00007ffe9e7b0000 - 0x00007ffe9e7c8000 	C:\Users\Jonathan\Desktop\java\springsuite\sts-4.16.1.RELEASE\plugins\org.eclipse.justj.openjdk.hotspot.jre.full.win32.x86_64_17.0.4.v20221004-1257\jre\bin\jli.dll
0x00007ffeb0d30000 - 0x00007ffeb0ed1000 	C:\WINDOWS\System32\USER32.dll
0x00007ffeaee80000 - 0x00007ffeaeea2000 	C:\WINDOWS\System32\win32u.dll
0x00007ffeb0900000 - 0x00007ffeb092b000 	C:\WINDOWS\System32\GDI32.dll
0x00007ffe8f680000 - 0x00007ffe8f91b000 	C:\WINDOWS\WinSxS\amd64_microsoft.windows.common-controls_6595b64144ccf1df_6.0.19041.6456_none_60b8a6cb71f64256\COMCTL32.dll
0x00007ffeaec00000 - 0x00007ffeaed19000 	C:\WINDOWS\System32\gdi32full.dll
0x00007ffeaf6b0000 - 0x00007ffeaf74e000 	C:\WINDOWS\System32\msvcrt.dll
0x00007ffeaea80000 - 0x00007ffeaeb1d000 	C:\WINDOWS\System32\msvcp_win.dll
0x00007ffeafab0000 - 0x00007ffeafadf000 	C:\WINDOWS\System32\IMM32.DLL
0x00007ffeaae40000 - 0x00007ffeaae4c000 	C:\Users\Jonathan\Desktop\java\springsuite\sts-4.16.1.RELEASE\plugins\org.eclipse.justj.openjdk.hotspot.jre.full.win32.x86_64_17.0.4.v20221004-1257\jre\bin\vcruntime140_1.dll
0x00007ffe6df70000 - 0x00007ffe6e001000 	C:\Users\Jonathan\Desktop\java\springsuite\sts-4.16.1.RELEASE\plugins\org.eclipse.justj.openjdk.hotspot.jre.full.win32.x86_64_17.0.4.v20221004-1257\jre\bin\msvcp140.dll
0x00007ffe56de0000 - 0x00007ffe57a26000 	C:\Users\Jonathan\Desktop\java\springsuite\sts-4.16.1.RELEASE\plugins\org.eclipse.justj.openjdk.hotspot.jre.full.win32.x86_64_17.0.4.v20221004-1257\jre\bin\server\jvm.dll
0x00007ffeaf110000 - 0x00007ffeaf1c1000 	C:\WINDOWS\System32\ADVAPI32.dll
0x00007ffeaff30000 - 0x00007ffeaffcf000 	C:\WINDOWS\System32\sechost.dll
0x00007ffeb0ae0000 - 0x00007ffeb0c00000 	C:\WINDOWS\System32\RPCRT4.dll
0x00007ffeaebd0000 - 0x00007ffeaebf7000 	C:\WINDOWS\System32\bcrypt.dll
0x00007ffeafd80000 - 0x00007ffeafd88000 	C:\WINDOWS\System32\PSAPI.DLL
0x00007ffe95600000 - 0x00007ffe95609000 	C:\WINDOWS\SYSTEM32\WSOCK32.dll
0x00007ffe9cd10000 - 0x00007ffe9cd37000 	C:\WINDOWS\SYSTEM32\WINMM.dll
0x00007ffeafdf0000 - 0x00007ffeafe5b000 	C:\WINDOWS\System32\WS2_32.dll
0x00007ffea1750000 - 0x00007ffea175a000 	C:\WINDOWS\SYSTEM32\VERSION.dll
0x00007ffeac5f0000 - 0x00007ffeac602000 	C:\WINDOWS\SYSTEM32\kernel.appcore.dll
0x00007ffeaa1e0000 - 0x00007ffeaa1ea000 	C:\Users\Jonathan\Desktop\java\springsuite\sts-4.16.1.RELEASE\plugins\org.eclipse.justj.openjdk.hotspot.jre.full.win32.x86_64_17.0.4.v20221004-1257\jre\bin\jimage.dll
0x00007ffea6ab0000 - 0x00007ffea6cb1000 	C:\WINDOWS\SYSTEM32\DBGHELP.DLL
0x00007ffea5330000 - 0x00007ffea5364000 	C:\WINDOWS\SYSTEM32\dbgcore.DLL
0x00007ffeaedf0000 - 0x00007ffeaee72000 	C:\WINDOWS\System32\bcryptPrimitives.dll
0x00007ffea9b10000 - 0x00007ffea9b35000 	C:\Users\Jonathan\Desktop\java\springsuite\sts-4.16.1.RELEASE\plugins\org.eclipse.justj.openjdk.hotspot.jre.full.win32.x86_64_17.0.4.v20221004-1257\jre\bin\java.dll
0x00007ffe9e740000 - 0x00007ffe9e758000 	C:\Users\Jonathan\Desktop\java\springsuite\sts-4.16.1.RELEASE\plugins\org.eclipse.justj.openjdk.hotspot.jre.full.win32.x86_64_17.0.4.v20221004-1257\jre\bin\zip.dll
0x00007ffeb0190000 - 0x00007ffeb0900000 	C:\WINDOWS\System32\SHELL32.dll
0x00007ffeac7f0000 - 0x00007ffeacf95000 	C:\WINDOWS\SYSTEM32\windows.storage.dll
0x00007ffeaf750000 - 0x00007ffeafaa4000 	C:\WINDOWS\System32\combase.dll
0x00007ffeae0d0000 - 0x00007ffeae0fb000 	C:\WINDOWS\SYSTEM32\Wldp.dll
0x00007ffeb0c00000 - 0x00007ffeb0ccd000 	C:\WINDOWS\System32\OLEAUT32.dll
0x00007ffeafb60000 - 0x00007ffeafc0d000 	C:\WINDOWS\System32\SHCORE.dll
0x00007ffeb0cd0000 - 0x00007ffeb0d2b000 	C:\WINDOWS\System32\shlwapi.dll
0x00007ffeae6b0000 - 0x00007ffeae6d4000 	C:\WINDOWS\SYSTEM32\profapi.dll
0x00007ffe9a4e0000 - 0x00007ffe9a4f9000 	C:\Users\Jonathan\Desktop\java\springsuite\sts-4.16.1.RELEASE\plugins\org.eclipse.justj.openjdk.hotspot.jre.full.win32.x86_64_17.0.4.v20221004-1257\jre\bin\net.dll
0x00007ffea5a30000 - 0x00007ffea5b3a000 	C:\WINDOWS\SYSTEM32\WINHTTP.dll
0x00007ffeade30000 - 0x00007ffeade9a000 	C:\WINDOWS\system32\mswsock.dll
0x00007ffe9a4c0000 - 0x00007ffe9a4d5000 	C:\Users\Jonathan\Desktop\java\springsuite\sts-4.16.1.RELEASE\plugins\org.eclipse.justj.openjdk.hotspot.jre.full.win32.x86_64_17.0.4.v20221004-1257\jre\bin\nio.dll
0x0000000069ac0000 - 0x0000000069ae4000 	C:\Users\Jonathan\AppData\Local\Temp\jansi-2.4.0-56f662466f3d1a2a-jansi.dll
0x00007ffea9b50000 - 0x00007ffea9b60000 	C:\Users\Jonathan\Desktop\java\springsuite\sts-4.16.1.RELEASE\plugins\org.eclipse.justj.openjdk.hotspot.jre.full.win32.x86_64_17.0.4.v20221004-1257\jre\bin\verify.dll
0x00007ffeae030000 - 0x00007ffeae048000 	C:\WINDOWS\SYSTEM32\CRYPTSP.dll
0x00007ffead750000 - 0x00007ffead788000 	C:\WINDOWS\system32\rsaenh.dll
0x00007ffeae630000 - 0x00007ffeae65e000 	C:\WINDOWS\SYSTEM32\USERENV.dll
0x00007ffeae020000 - 0x00007ffeae02c000 	C:\WINDOWS\SYSTEM32\CRYPTBASE.dll
0x00007ffeadb10000 - 0x00007ffeadb4b000 	C:\WINDOWS\SYSTEM32\IPHLPAPI.DLL
0x00007ffeaf6a0000 - 0x00007ffeaf6a8000 	C:\WINDOWS\System32\NSI.dll
0x00007ffea6700000 - 0x00007ffea6717000 	C:\WINDOWS\SYSTEM32\dhcpcsvc6.DLL
0x00007ffea66e0000 - 0x00007ffea66fd000 	C:\WINDOWS\SYSTEM32\dhcpcsvc.DLL
0x00007ffeadb50000 - 0x00007ffeadc1a000 	C:\WINDOWS\SYSTEM32\DNSAPI.dll
0x00007ffea7970000 - 0x00007ffea797e000 	C:\Users\Jonathan\Desktop\java\springsuite\sts-4.16.1.RELEASE\plugins\org.eclipse.justj.openjdk.hotspot.jre.full.win32.x86_64_17.0.4.v20221004-1257\jre\bin\sunmscapi.dll
0x00007ffeaeeb0000 - 0x00007ffeaf00d000 	C:\WINDOWS\System32\CRYPT32.dll
0x00007ffeae140000 - 0x00007ffeae167000 	C:\WINDOWS\SYSTEM32\ncrypt.dll
0x00007ffeae100000 - 0x00007ffeae13b000 	C:\WINDOWS\SYSTEM32\NTASN1.dll
0x00007ffea58c0000 - 0x00007ffea58ca000 	C:\Windows\System32\rasadhlp.dll
0x00007ffea5400000 - 0x00007ffea5480000 	C:\WINDOWS\System32\fwpuclnt.dll

dbghelp: loaded successfully - version: 4.0.5 - missing functions: none
symbol engine: initialized successfully - sym options: 0x614 - pdb path: .;C:\Users\Jonathan\Desktop\java\springsuite\sts-4.16.1.RELEASE\plugins\org.eclipse.justj.openjdk.hotspot.jre.full.win32.x86_64_17.0.4.v20221004-1257\jre\bin;C:\WINDOWS\SYSTEM32;C:\WINDOWS\WinSxS\amd64_microsoft.windows.common-controls_6595b64144ccf1df_6.0.19041.6456_none_60b8a6cb71f64256;C:\Users\Jonathan\Desktop\java\springsuite\sts-4.16.1.RELEASE\plugins\org.eclipse.justj.openjdk.hotspot.jre.full.win32.x86_64_17.0.4.v20221004-1257\jre\bin\server;C:\Users\Jonathan\AppData\Local\Temp

VM Arguments:
jvm_args: -Dmaven.home=EMBEDDED -Dclassworlds.conf=C:\Users\Jonathan\Documents\java\.metadata\.plugins\org.eclipse.m2e.launching\launches\m2conf11640695547187815499.tmp -Dmaven.multiModuleProjectDirectory=C:\Users\Jonathan\Documents\usuario-microservice -Dfile.encoding=UTF-8 -XX:+ShowCodeDetailsInExceptionMessages 
java_command: org.codehaus.plexus.classworlds.launcher.Launcher -B -Dstyle.color=always package
java_class_path (initial): C:\Users\Jonathan\Desktop\java\springsuite\sts-4.16.1.RELEASE\plugins\org.eclipse.m2e.maven.runtime_3.8.601.20220820-1147\jars\plexus-classworlds-2.6.0.jar
Launcher Type: SUN_STANDARD

[Global flags]
     intx CICompilerCount                          = 4                                         {product} {ergonomic}
     uint ConcGCThreads                            = 2                                         {product} {ergonomic}
     uint G1ConcRefinementThreads                  = 8                                         {product} {ergonomic}
   size_t G1HeapRegionSize                         = 1048576                                   {product} {ergonomic}
    uintx GCDrainStackTargetSize                   = 64                                        {product} {ergonomic}
   size_t InitialHeapSize                          = 100663296                                 {product} {ergonomic}
   size_t MarkStackSize                            = 4194304                                   {product} {ergonomic}
   size_t MaxHeapSize                              = 1581252608                                {product} {ergonomic}
   size_t MaxNewSize                               = 947912704                                 {product} {ergonomic}
   size_t MinHeapDeltaBytes                        = 1048576                                   {product} {ergonomic}
   size_t MinHeapSize                              = 8388608                                   {product} {ergonomic}
    uintx NonNMethodCodeHeapSize                   = 5839372                                {pd product} {ergonomic}
    uintx NonProfiledCodeHeapSize                  = 122909434                              {pd product} {ergonomic}
    uintx ProfiledCodeHeapSize                     = 122909434                              {pd product} {ergonomic}
    uintx ReservedCodeCacheSize                    = 251658240                              {pd product} {ergonomic}
     bool SegmentedCodeCache                       = true                                      {product} {ergonomic}
     bool ShowCodeDetailsInExceptionMessages       = true                                   {manageable} {command line}
   size_t SoftMaxHeapSize                          = 1581252608                             {manageable} {ergonomic}
     bool UseCompressedClassPointers               = true                           {product lp64_product} {ergonomic}
     bool UseCompressedOops                        = true                           {product lp64_product} {ergonomic}
     bool UseG1GC                                  = true                                      {product} {ergonomic}
     bool UseLargePagesIndividualAllocation        = false                                  {pd product} {ergonomic}

Logging:
Log output configuration:
 #0: stdout all=warning uptime,level,tags
 #1: stderr all=off uptime,level,tags

Environment Variables:
PATH=C:/Users/Jonathan/Desktop/java/springsuite/sts-4.16.1.RELEASE//plugins/org.eclipse.justj.openjdk.hotspot.jre.full.win32.x86_64_17.0.4.v20221004-1257/jre/bin/server;C:/Users/Jonathan/Desktop/java/springsuite/sts-4.16.1.RELEASE//plugins/org.eclipse.justj.openjdk.hotspot.jre.full.win32.x86_64_17.0.4.v20221004-1257/jre/bin;C:\Python314\Scripts\;C:\Python314\;C:\Program Files\Common Files\Oracle\Java\javapath;C:\app\Jonathan\product\21c\dbhomeXE\bin;C:\WINDOWS\system32;C:\WINDOWS;C:\WINDOWS\System32\Wbem;C:\WINDOWS\System32\WindowsPowerShell\v1.0\;C:\WINDOWS\System32\OpenSSH\;C:\Program Files\dotnet\;C:\Program Files\Git\cmd;C:\Program Files\nodejs\;C:\ProgramData\chocolatey\bin;C:\Users\Jonathan\AppData\Local\Microsoft\WindowsApps;C:\Users\Jonathan\AppData\Local\Programs\Microsoft VS Code\bin;C:\Users\Jonathan\AppData\Roaming\npm;C:\Users\Jonathan\Desktop\java\springsuite\sts-4.16.1.RELEASE;
USERNAME=Jonathan
OS=Windows_NT
PROCESSOR_IDENTIFIER=AMD64 Family 23 Model 24 Stepping 1, AuthenticAMD
TMP=C:\Users\Jonathan\AppData\Local\Temp
TEMP=C:\Users\Jonathan\AppData\Local\Temp



---------------  S Y S T E M  ---------------

OS:
 Windows 10 , 64 bit Build 19041 (10.0.19041.5915)
OS uptime: 13 days 3:14 hours

CPU: total 8 (initial active 8) (8 cores per cpu, 2 threads per core) family 23 model 24 stepping 1 microcode 0x0, cx8, cmov, fxsr, ht, mmx, 3dnowpref, sse, sse2, sse3, ssse3, sse4a, sse4.1, sse4.2, popcnt, lzcnt, tsc, tscinvbit, avx, avx2, aes, clmul, bmi1, bmi2, adx, sha, fma, vzeroupper, clflush, clflushopt

Memory: 4k page, system-wide physical 6030M (312M free)
TotalPageFile size 24462M (AvailPageFile size 71M)
current process WorkingSet (physical memory assigned to process): 296M, peak: 302M
current process commit charge ("private bytes"): 329M, peak: 334M

vm_info: OpenJDK 64-Bit Server VM (17.0.4.1+1) for windows-amd64 JRE (17.0.4.1+1), built on Aug 17 2022 07:42:43 by "temurin" with MS VC++ 16.7 (VS2019)

END.
