#
# There is insufficient memory for the Java Runtime Environment to continue.
# Native memory allocation (malloc) failed to allocate 1048576 bytes for AllocateHeap
# Possible reasons:
#   The system is out of physical RAM or swap space
#   The process is running with CompressedOops enabled, and the Java Heap may be blocking the growth of the native heap
# Possible solutions:
#   Reduce memory load on the system
#   Increase physical memory or swap space
#   Check if swap backing store is full
#   Decrease Java heap size (-Xmx/-Xms)
#   Decrease number of Java threads
#   Decrease Java thread stack sizes (-Xss)
#   Set larger code cache with -XX:ReservedCodeCacheSize=
#   JVM is running with Unscaled Compressed Oops mode in which the Java heap is
#     placed in the first 4GB address space. The Java Heap base address is the
#     maximum limit for the native heap growth. Please use -XX:HeapBaseMinAddress
#     to set the Java Heap base and to place the Java Heap above 4GB virtual address.
# This output file may be truncated or incomplete.
#
#  Out of Memory Error (allocation.cpp:44), pid=22760, tid=11928
#
# JRE version:  (17.0.4.1+1) (build )
# Java VM: OpenJDK 64-Bit Server VM (17.0.4.1+1, mixed mode, sharing, tiered, compressed oops, compressed class ptrs, g1 gc, windows-amd64)
# No core dump will be written. Minidumps are not enabled by default on client versions of Windows
#

---------------  S U M M A R Y ------------

Command Line: C:\Users\Jonathan\AppData\Local\Temp\surefire3772609100847491878\surefirebooter-20251029203220416_3.jar C:\Users\Jonathan\AppData\Local\Temp\surefire3772609100847491878 2025-10-29T20-32-16_017-jvmRun1 surefire-20251029203220416_1tmp surefire_0-20251029203220416_2tmp

Host: AMD Ryzen 5 3450U with Radeon Vega Mobile Gfx  , 8 cores, 5G,  Windows 10 , 64 bit Build 19041 (10.0.19041.5915)
Time: Wed Oct 29 20:32:21 2025 Hora verano Sudamérica Pacífico elapsed time: 0.047330 seconds (0d 0h 0m 0s)

---------------  T H R E A D  ---------------

Current thread (0x000001891ca873d0):  JavaThread "Unknown thread" [_thread_in_vm, id=11928, stack(0x0000008869000000,0x0000008869100000)]

Stack: [0x0000008869000000,0x0000008869100000]
Native frames: (J=compiled Java code, j=interpreted, Vv=VM code, C=native code)
V  [jvm.dll+0x67731a]
V  [jvm.dll+0x832284]
V  [jvm.dll+0x833a2e]
V  [jvm.dll+0x834093]
V  [jvm.dll+0x245775]
V  [jvm.dll+0xa6393]
V  [jvm.dll+0x2e4697]
V  [jvm.dll+0x2dc4fb]
V  [jvm.dll+0x803db1]
V  [jvm.dll+0x3698f1]
V  [jvm.dll+0x7e31bc]
V  [jvm.dll+0x3ec25f]
V  [jvm.dll+0x3edde1]
C  [jli.dll+0x5277]
C  [ucrtbase.dll+0x21bb2]
C  [KERNEL32.DLL+0x17374]
C  [ntdll.dll+0x4cc91]


---------------  P R O C E S S  ---------------

Threads class SMR info:
_java_thread_list=0x00007ffe578f4e98, length=0, elements={
}

Java Threads: ( => current thread )

Other Threads:
  0x000001891cad2670 GCTaskThread "GC Thread#0" [stack: 0x0000008869100000,0x0000008869200000] [id=25548]

[error occurred during error reporting (printing all threads), id 0xc0000005, EXCEPTION_ACCESS_VIOLATION (0xc0000005) at pc=0x00007ffe570c9620]

VM state: not at safepoint (not fully initialized)

VM Mutex/Monitor currently owned by a thread:  ([mutex/lock_event])
[0x000001891ca81f10] Heap_lock - owner thread: 0x000001891ca873d0

Heap address: 0x00000000a1c00000, size: 1508 MB, Compressed Oops mode: 32-bit

CDS archive(s) mapped at: [0x0000000000000000-0x0000000000000000-0x0000000000000000), size 0, SharedBaseAddress: 0x0000000800000000, ArchiveRelocationMode: 0.
Narrow klass base: 0x0000000000000000, Narrow klass shift: 0, Narrow klass range: 0x0

GC Precious Log:
<Empty>

Heap:
 garbage-first heap   total 0K, used 0K [0x00000000a1c00000, 0x0000000100000000)
  region size 1024K, 0 young (0K), 0 survivors (0K)

[error occurred during error reporting (printing heap information), id 0xc0000005, EXCEPTION_ACCESS_VIOLATION (0xc0000005) at pc=0x00007ffe574b0699]

GC Heap History (0 events):
No events

Deoptimization events (0 events):
No events

Classes unloaded (0 events):
No events

Classes redefined (0 events):
No events

Internal exceptions (0 events):
No events

VM Operations (0 events):
No events

Events (1 events):
Event: 0.039 Loaded shared library C:\Users\Jonathan\Desktop\java\springsuite\sts-4.16.1.RELEASE\plugins\org.eclipse.justj.openjdk.hotspot.jre.full.win32.x86_64_17.0.4.v20221004-1257\jre\bin\java.dll


Dynamic libraries:
0x00007ff616820000 - 0x00007ff61682e000 	C:\Users\Jonathan\Desktop\java\springsuite\sts-4.16.1.RELEASE\plugins\org.eclipse.justj.openjdk.hotspot.jre.full.win32.x86_64_17.0.4.v20221004-1257\jre\bin\java.exe
0x00007ffeb10f0000 - 0x00007ffeb12e8000 	C:\WINDOWS\SYSTEM32\ntdll.dll
0x00007ffeafe60000 - 0x00007ffeaff22000 	C:\WINDOWS\System32\KERNEL32.DLL
0x00007ffeae780000 - 0x00007ffeaea76000 	C:\WINDOWS\System32\KERNELBASE.dll
0x00007ffeaf010000 - 0x00007ffeaf110000 	C:\WINDOWS\System32\ucrtbase.dll
0x00007ffea9ba0000 - 0x00007ffea9bb9000 	C:\Users\Jonathan\Desktop\java\springsuite\sts-4.16.1.RELEASE\plugins\org.eclipse.justj.openjdk.hotspot.jre.full.win32.x86_64_17.0.4.v20221004-1257\jre\bin\VCRUNTIME140.dll
0x00007ffe9e7b0000 - 0x00007ffe9e7c8000 	C:\Users\Jonathan\Desktop\java\springsuite\sts-4.16.1.RELEASE\plugins\org.eclipse.justj.openjdk.hotspot.jre.full.win32.x86_64_17.0.4.v20221004-1257\jre\bin\jli.dll
0x00007ffeb0d30000 - 0x00007ffeb0ed1000 	C:\WINDOWS\System32\USER32.dll
0x00007ffeaee80000 - 0x00007ffeaeea2000 	C:\WINDOWS\System32\win32u.dll
0x00007ffeb0900000 - 0x00007ffeb092b000 	C:\WINDOWS\System32\GDI32.dll
0x00007ffeaec00000 - 0x00007ffeaed19000 	C:\WINDOWS\System32\gdi32full.dll
0x00007ffeaea80000 - 0x00007ffeaeb1d000 	C:\WINDOWS\System32\msvcp_win.dll
0x00007ffe8f680000 - 0x00007ffe8f91b000 	C:\WINDOWS\WinSxS\amd64_microsoft.windows.common-controls_6595b64144ccf1df_6.0.19041.6456_none_60b8a6cb71f64256\COMCTL32.dll
0x00007ffeaf6b0000 - 0x00007ffeaf74e000 	C:\WINDOWS\System32\msvcrt.dll
0x00007ffeafab0000 - 0x00007ffeafadf000 	C:\WINDOWS\System32\IMM32.DLL
0x00007ffeaae40000 - 0x00007ffeaae4c000 	C:\Users\Jonathan\Desktop\java\springsuite\sts-4.16.1.RELEASE\plugins\org.eclipse.justj.openjdk.hotspot.jre.full.win32.x86_64_17.0.4.v20221004-1257\jre\bin\vcruntime140_1.dll
0x00007ffe6df70000 - 0x00007ffe6e001000 	C:\Users\Jonathan\Desktop\java\springsuite\sts-4.16.1.RELEASE\plugins\org.eclipse.justj.openjdk.hotspot.jre.full.win32.x86_64_17.0.4.v20221004-1257\jre\bin\msvcp140.dll
0x00007ffe56de0000 - 0x00007ffe57a26000 	C:\Users\Jonathan\Desktop\java\springsuite\sts-4.16.1.RELEASE\plugins\org.eclipse.justj.openjdk.hotspot.jre.full.win32.x86_64_17.0.4.v20221004-1257\jre\bin\server\jvm.dll
0x00007ffeaf110000 - 0x00007ffeaf1c1000 	C:\WINDOWS\System32\ADVAPI32.dll
0x00007ffeaff30000 - 0x00007ffeaffcf000 	C:\WINDOWS\System32\sechost.dll
0x00007ffeb0ae0000 - 0x00007ffeb0c00000 	C:\WINDOWS\System32\RPCRT4.dll
0x00007ffeaebd0000 - 0x00007ffeaebf7000 	C:\WINDOWS\System32\bcrypt.dll
0x00007ffeafd80000 - 0x00007ffeafd88000 	C:\WINDOWS\System32\PSAPI.DLL
0x00007ffe9cd10000 - 0x00007ffe9cd37000 	C:\WINDOWS\SYSTEM32\WINMM.dll
0x00007ffe95600000 - 0x00007ffe95609000 	C:\WINDOWS\SYSTEM32\WSOCK32.dll
0x00007ffeafdf0000 - 0x00007ffeafe5b000 	C:\WINDOWS\System32\WS2_32.dll
0x00007ffea1750000 - 0x00007ffea175a000 	C:\WINDOWS\SYSTEM32\VERSION.dll
0x00007ffeac5f0000 - 0x00007ffeac602000 	C:\WINDOWS\SYSTEM32\kernel.appcore.dll
0x00007ffeaa1e0000 - 0x00007ffeaa1ea000 	C:\Users\Jonathan\Desktop\java\springsuite\sts-4.16.1.RELEASE\plugins\org.eclipse.justj.openjdk.hotspot.jre.full.win32.x86_64_17.0.4.v20221004-1257\jre\bin\jimage.dll
0x00007ffea6ab0000 - 0x00007ffea6cb1000 	C:\WINDOWS\SYSTEM32\DBGHELP.DLL
0x00007ffea5330000 - 0x00007ffea5364000 	C:\WINDOWS\SYSTEM32\dbgcore.DLL
0x00007ffeaedf0000 - 0x00007ffeaee72000 	C:\WINDOWS\System32\bcryptPrimitives.dll
0x00007ffea9b10000 - 0x00007ffea9b35000 	C:\Users\Jonathan\Desktop\java\springsuite\sts-4.16.1.RELEASE\plugins\org.eclipse.justj.openjdk.hotspot.jre.full.win32.x86_64_17.0.4.v20221004-1257\jre\bin\java.dll

dbghelp: loaded successfully - version: 4.0.5 - missing functions: none
symbol engine: initialized successfully - sym options: 0x614 - pdb path: .;C:\Users\Jonathan\Desktop\java\springsuite\sts-4.16.1.RELEASE\plugins\org.eclipse.justj.openjdk.hotspot.jre.full.win32.x86_64_17.0.4.v20221004-1257\jre\bin;C:\WINDOWS\SYSTEM32;C:\WINDOWS\WinSxS\amd64_microsoft.windows.common-controls_6595b64144ccf1df_6.0.19041.6456_none_60b8a6cb71f64256;C:\Users\Jonathan\Desktop\java\springsuite\sts-4.16.1.RELEASE\plugins\org.eclipse.justj.openjdk.hotspot.jre.full.win32.x86_64_17.0.4.v20221004-1257\jre\bin\server

VM Arguments:
java_command: C:\Users\Jonathan\AppData\Local\Temp\surefire3772609100847491878\surefirebooter-20251029203220416_3.jar C:\Users\Jonathan\AppData\Local\Temp\surefire3772609100847491878 2025-10-29T20-32-16_017-jvmRun1 surefire-20251029203220416_1tmp surefire_0-20251029203220416_2tmp
java_class_path (initial): C:\Users\Jonathan\AppData\Local\Temp\surefire3772609100847491878\surefirebooter-20251029203220416_3.jar
Launcher Type: SUN_STANDARD

[Global flags]
     intx CICompilerCount                          = 4                                         {product} {ergonomic}
     uint ConcGCThreads                            = 2                                         {product} {ergonomic}
     uint G1ConcRefinementThreads                  = 8                                         {product} {ergonomic}
   size_t G1HeapRegionSize                         = 1048576                                   {product} {ergonomic}
    uintx GCDrainStackTargetSize                   = 64                                        {product} {ergonomic}
   size_t InitialHeapSize                          = 100663296                                 {product} {ergonomic}
   size_t MarkStackSize                            = 4194304                                   {product} {ergonomic}
   size_t MaxHeapSize                              = 1581252608                                {product} {ergonomic}
   size_t MinHeapDeltaBytes                        = 1048576                                   {product} {ergonomic}
   size_t MinHeapSize                              = 8388608                                   {product} {ergonomic}
    uintx NonNMethodCodeHeapSize                   = 5839372                                {pd product} {ergonomic}
    uintx NonProfiledCodeHeapSize                  = 122909434                              {pd product} {ergonomic}
    uintx ProfiledCodeHeapSize                     = 122909434                              {pd product} {ergonomic}
    uintx ReservedCodeCacheSize                    = 251658240                              {pd product} {ergonomic}
     bool SegmentedCodeCache                       = true                                      {product} {ergonomic}
   size_t SoftMaxHeapSize                          = 1581252608                             {manageable} {ergonomic}
     bool UseCompressedClassPointers               = true                           {product lp64_product} {ergonomic}
     bool UseCompressedOops                        = true                           {product lp64_product} {ergonomic}
     bool UseG1GC                                  = true                                      {product} {ergonomic}
     bool UseLargePagesIndividualAllocation        = false                                  {pd product} {ergonomic}

Logging:
Log output configuration:
 #0: stdout all=warning uptime,level,tags
 #1: stderr all=off uptime,level,tags

Environment Variables:
PATH=C:/Users/Jonathan/Desktop/java/springsuite/sts-4.16.1.RELEASE//plugins/org.eclipse.justj.openjdk.hotspot.jre.full.win32.x86_64_17.0.4.v20221004-1257/jre/bin/server;C:/Users/Jonathan/Desktop/java/springsuite/sts-4.16.1.RELEASE//plugins/org.eclipse.justj.openjdk.hotspot.jre.full.win32.x86_64_17.0.4.v20221004-1257/jre/bin;C:\Python314\Scripts\;C:\Python314\;C:\Program Files\Common Files\Oracle\Java\javapath;C:\app\Jonathan\product\21c\dbhomeXE\bin;C:\WINDOWS\system32;C:\WINDOWS;C:\WINDOWS\System32\Wbem;C:\WINDOWS\System32\WindowsPowerShell\v1.0\;C:\WINDOWS\System32\OpenSSH\;C:\Program Files\dotnet\;C:\Program Files\Git\cmd;C:\Program Files\nodejs\;C:\ProgramData\chocolatey\bin;C:\Users\Jonathan\AppData\Local\Microsoft\WindowsApps;C:\Users\Jonathan\AppData\Local\Programs\Microsoft VS Code\bin;C:\Users\Jonathan\AppData\Roaming\npm;C:\Users\Jonathan\Desktop\java\springsuite\sts-4.16.1.RELEASE;
USERNAME=Jonathan
OS=Windows_NT
PROCESSOR_IDENTIFIER=AMD64 Family 23 Model 24 Stepping 1, AuthenticAMD
TMP=C:\Users\Jonathan\AppData\Local\Temp
TEMP=C:\Users\Jonathan\AppData\Local\Temp



---------------  S Y S T E M  ---------------

OS:
 Windows 10 , 64 bit Build 19041 (10.0.19041.5915)
OS uptime: 13 days 3:14 hours

CPU: total 8 (initial active 8) (8 cores per cpu, 2 threads per core) family 23 model 24 stepping 1 microcode 0x0, cx8, cmov, fxsr, ht, mmx, 3dnowpref, sse, sse2, sse3, ssse3, sse4a, sse4.1, sse4.2, popcnt, lzcnt, tsc, tscinvbit, avx, avx2, aes, clmul, bmi1, bmi2, adx, sha, fma, vzeroupper, clflush, clflushopt

Memory: 4k page, system-wide physical 6030M (293M free)
TotalPageFile size 24462M (AvailPageFile size 5M)
current process WorkingSet (physical memory assigned to process): 10M, peak: 10M
current process commit charge ("private bytes"): 55M, peak: 56M

vm_info: OpenJDK 64-Bit Server VM (17.0.4.1+1) for windows-amd64 JRE (17.0.4.1+1), built on Aug 17 2022 07:42:43 by "temurin" with MS VC++ 16.7 (VS2019)

END.
